[debug] [2023-05-20T11:00:31.558Z] ----------------------------------------------------------------------
[debug] [2023-05-20T11:00:31.560Z] Command:       C:\Program Files\nodejs\node.exe C:\Users\anilk\AppData\Roaming\npm\node_modules\firebase-tools\lib\bin\firebase.js init
[debug] [2023-05-20T11:00:31.560Z] CLI Version:   12.1.0
[debug] [2023-05-20T11:00:31.561Z] Platform:      win32
[debug] [2023-05-20T11:00:31.561Z] Node Version:  v18.14.0
[debug] [2023-05-20T11:00:31.562Z] Time:          Sat May 20 2023 16:30:31 GMT+0530 (India Standard Time)
[debug] [2023-05-20T11:00:31.562Z] ----------------------------------------------------------------------
[debug] 
[debug] [2023-05-20T11:00:31.565Z] >>> [apiv2][query] GET https://firebase-public.firebaseio.com/cli.json [none]
[debug] [2023-05-20T11:00:31.611Z] > command requires scopes: ["email","openid","https://www.googleapis.com/auth/cloudplatformprojects.readonly","https://www.googleapis.com/auth/firebase","https://www.googleapis.com/auth/cloud-platform"]
[debug] [2023-05-20T11:00:31.611Z] > authorizing via signed-in user (kalyankumarsmail@gmail.com)
[info] 
     ######## #### ########  ######## ########     ###     ######  ########
     ##        ##  ##     ## ##       ##     ##  ##   ##  ##       ##
     ######    ##  ########  ######   ########  #########  ######  ######
     ##        ##  ##    ##  ##       ##     ## ##     ##       ## ##
     ##       #### ##     ## ######## ########  ##     ##  ######  ########

You're about to initialize a Firebase project in this directory:

  C:\Users\anilk\Desktop\react task\my-task

[debug] [2023-05-20T11:00:32.443Z] <<< [apiv2][status] GET https://firebase-public.firebaseio.com/cli.json 200
[debug] [2023-05-20T11:00:32.444Z] <<< [apiv2][body] GET https://firebase-public.firebaseio.com/cli.json {"cloudBuildErrorAfter":1594252800000,"cloudBuildWarnAfter":1590019200000,"defaultNode10After":1594252800000,"minVersion":"3.0.5","node8DeploysDisabledAfter":1613390400000,"node8RuntimeDisabledAfter":1615809600000,"node8WarnAfter":1600128000000}
[info] 
=== Project Setup
[info] 
[info] First, let's associate this project directory with a Firebase project.
[info] You can create multiple project aliases by running firebase use --add, 
[info] but for now we'll just set up a default project.
[info] 
[debug] [2023-05-20T11:02:06.836Z] > refreshing access token with scopes: []
[debug] [2023-05-20T11:02:06.838Z] >>> [apiv2][query] POST https://www.googleapis.com/oauth2/v3/token [none]
[debug] [2023-05-20T11:02:06.838Z] >>> [apiv2][body] POST https://www.googleapis.com/oauth2/v3/token [omitted]
[debug] [2023-05-20T11:02:07.521Z] <<< [apiv2][status] POST https://www.googleapis.com/oauth2/v3/token 200
[debug] [2023-05-20T11:02:07.521Z] <<< [apiv2][body] POST https://www.googleapis.com/oauth2/v3/token [omitted]
[debug] [2023-05-20T11:02:07.539Z] >>> [apiv2][query] GET https://firebase.googleapis.com/v1beta1/projects pageSize=100
[debug] [2023-05-20T11:02:08.775Z] <<< [apiv2][status] GET https://firebase.googleapis.com/v1beta1/projects 200
[debug] [2023-05-20T11:02:08.775Z] <<< [apiv2][body] GET https://firebase.googleapis.com/v1beta1/projects [omitted]
[info] i  Using project docs-2acc0 (Google Docs) 
[info] 
=== Hosting Setup
[info] 
[info] Your public directory is the folder (relative to your project directory) that
[info] will contain Hosting assets to be uploaded with firebase deploy. If you
[info] have a build process for your assets, use your build's output directory.
[info] 
[info] +  Wrote build/404.html 
[debug] [2023-05-20T11:11:17.032Z] >>> [apiv2][query] GET https://www.gstatic.com/firebasejs/releases.json [none]
[debug] [2023-05-20T11:11:17.410Z] <<< [apiv2][status] GET https://www.gstatic.com/firebasejs/releases.json 200
[debug] [2023-05-20T11:11:17.410Z] <<< [apiv2][body] GET https://www.gstatic.com/firebasejs/releases.json {"current":{"version":"9.22.0","browserURL":"https://www.gstatic.com/firebasejs/9.22.0/firebase.js","packageURL":"https://www.gstatic.com/firebasejs/9.22.0/firebase.tgz"},"live":{"version":"9.22","browserURL":"https://www.gstatic.com/firebasejs/live/9.22/firebase.js","packageURL":"https://www.gstatic.com/firebasejs/live/9.22/firebase.tgz"},"components":{"analytics":"https://www.gstatic.com/firebasejs/9.22.0/firebase-analytics.js","app":"https://www.gstatic.com/firebasejs/9.22.0/firebase-app.js","app-check":"https://www.gstatic.com/firebasejs/9.22.0/firebase-app-check.js","auth":"https://www.gstatic.com/firebasejs/9.22.0/firebase-auth.js","auth/cordova":"https://www.gstatic.com/firebasejs/9.22.0/firebase-auth/cordova.js","auth/react-native":"https://www.gstatic.com/firebasejs/9.22.0/firebase-auth/react-native.js","functions":"https://www.gstatic.com/firebasejs/9.22.0/firebase-functions.js","firestore":"https://www.gstatic.com/firebasejs/9.22.0/firebase-firestore.js","firestore/lite":"https://www.gstatic.com/firebasejs/9.22.0/firebase-firestore/lite.js","installations":"https://www.gstatic.com/firebasejs/9.22.0/firebase-installations.js","storage":"https://www.gstatic.com/firebasejs/9.22.0/firebase-storage.js","performance":"https://www.gstatic.com/firebasejs/9.22.0/firebase-performance.js","remote-config":"https://www.gstatic.com/firebasejs/9.22.0/firebase-remote-config.js","messaging":"https://www.gstatic.com/firebasejs/9.22.0/firebase-messaging.js","messaging/sw":"https://www.gstatic.com/firebasejs/9.22.0/firebase-messaging/sw.js","database":"https://www.gstatic.com/firebasejs/9.22.0/firebase-database.js","firestore.memory":"https://www.gstatic.com/firebasejs/9.22.0/firebase-firestore.memory.js"}}
[info] i  Skipping write of build/index.html 
[info] 
[info] i  Detected a .git folder at C:\Users\anilk\Desktop\react task\my-task 
[info] i  Authorizing with GitHub to upload your service account to a GitHub repository's secrets store. 
[info] 
[info] Visit this URL on this device to log in:
[info] https://github.com/login/oauth/authorize?client_id=89cf50f02ac6aaed3484&state=369543320&redirect_uri=http%3A%2F%2Flocalhost%3A9005&scope=read%3Auser%20repo%20public_repo
[info] 
[info] Waiting for authentication...
[debug] [2023-05-20T11:11:25.781Z] >>> [apiv2][query] POST https://github.com/login/oauth/access_token [none]
[debug] [2023-05-20T11:11:25.782Z] >>> [apiv2][body] POST https://github.com/login/oauth/access_token [stream]
[debug] [2023-05-20T11:11:26.394Z] <<< [apiv2][status] POST https://github.com/login/oauth/access_token 200
[debug] [2023-05-20T11:11:26.395Z] <<< [apiv2][body] POST https://github.com/login/oauth/access_token {"access_token":"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","token_type":"bearer","scope":"read:user,repo"}
[debug] [2023-05-20T11:11:26.418Z] >>> [apiv2][query] GET https://api.github.com/user [none]
[debug] [2023-05-20T11:11:27.194Z] <<< [apiv2][status] GET https://api.github.com/user 200
[debug] [2023-05-20T11:11:27.194Z] <<< [apiv2][body] GET https://api.github.com/user {"login":"kalyankumar999","id":119860414,"node_id":"U_kgDOByTsvg","avatar_url":"https://avatars.githubusercontent.com/u/119860414?v=4","gravatar_id":"","url":"https://api.github.com/users/kalyankumar999","html_url":"https://github.com/kalyankumar999","followers_url":"https://api.github.com/users/kalyankumar999/followers","following_url":"https://api.github.com/users/kalyankumar999/following{/other_user}","gists_url":"https://api.github.com/users/kalyankumar999/gists{/gist_id}","starred_url":"https://api.github.com/users/kalyankumar999/starred{/owner}{/repo}","subscriptions_url":"https://api.github.com/users/kalyankumar999/subscriptions","organizations_url":"https://api.github.com/users/kalyankumar999/orgs","repos_url":"https://api.github.com/users/kalyankumar999/repos","events_url":"https://api.github.com/users/kalyankumar999/events{/privacy}","received_events_url":"https://api.github.com/users/kalyankumar999/received_events","type":"User","site_admin":false,"name":"kalyan kumar","company":null,"blog":"","location":null,"email":null,"hireable":null,"bio":null,"twitter_username":null,"public_repos":7,"public_gists":0,"followers":0,"following":0,"created_at":"2022-12-05T11:55:15Z","updated_at":"2023-03-21T04:36:49Z","private_gists":0,"total_private_repos":0,"owned_private_repos":0,"disk_usage":11296,"collaborators":0,"two_factor_authentication":false,"plan":{"name":"free","space":976562499,"collaborators":0,"private_repos":10000}}
[info] 
[info] +  Success! Logged into GitHub as kalyankumar999 
[info] 
